cmcc1
chinanet
cmcc2
chinanet
chinaunion
cmcc
chinanet
cmcc
chinanet
chinaunion
chinaunion
chinanet
chinaunion
chinaunion
chinaunion
cmcc1
chinaunion
cmcc
chinanet
cmcc
chinanet
chinaunion
chinaunion
chinaunion
cmcc1
cmcc
chinanet
cmcc2
chinane
chinaunion
cmcc1
cmcc
chinanet
cmcc2
chinanet
chinaunion
chinaunion
cmcc
chinanet
cmcc2
chinanet
chinaunion
chinaunion
chinanet
cmcc
chinanet
cmcc
chinanet
chinaunion
chinaunions
cmcc1
chinaunion
chinaunion
chinaunion
cmcc1
cmcc
chinanet
cmcc2
chinanet
chinaunion
chinaunion
chinanet
cmcc
chinanet
chinaunion
chinaunion